11:46:47.751 [main] INFO  org.example.commands.CommandFactory - Log file cleared successfully.
11:46:47.754 [main] INFO  org.example.commands.CommandFactory - Creating command factory.
11:46:47.755 [main] INFO  org.example.Context - Creating context.
11:46:49.912 [main] DEBUG org.example.commands.CommandFactory - Extracting the words.
11:46:49.912 [main] DEBUG org.example.commands.CommandFactory - The words are:
11:46:49.912 [main] DEBUG org.example.commands.CommandFactory - 'PUSH'
11:46:49.913 [main] DEBUG org.example.commands.CommandFactory - '1'
11:46:49.915 [main] INFO  org.example.Context - Pushing '1.0' to stack
11:46:52.475 [main] DEBUG org.example.commands.CommandFactory - Extracting the words.
11:46:52.475 [main] DEBUG org.example.commands.CommandFactory - The words are:
11:46:52.476 [main] DEBUG org.example.commands.CommandFactory - 'PRINT'
11:46:52.476 [main] INFO  org.example.Context - Peeking the first element of stack.
11:46:52.477 [main] DEBUG org.example.commands.Print - Print finished successfully.
11:46:55.769 [main] DEBUG org.example.commands.CommandFactory - Extracting the words.
11:46:55.769 [main] DEBUG org.example.commands.CommandFactory - The words are:
11:46:55.769 [main] DEBUG org.example.commands.CommandFactory - 'PUSH'
11:46:55.769 [main] DEBUG org.example.commands.CommandFactory - '1'
11:46:55.769 [main] INFO  org.example.Context - Pushing '1.0' to stack
11:46:59.277 [main] DEBUG org.example.commands.CommandFactory - Extracting the words.
11:46:59.278 [main] DEBUG org.example.commands.CommandFactory - The words are:
11:46:59.278 [main] DEBUG org.example.commands.CommandFactory - 'PUSH'
11:46:59.278 [main] DEBUG org.example.commands.CommandFactory - '2'
11:46:59.278 [main] INFO  org.example.Context - Pushing '2.0' to stack
11:47:02.186 [main] DEBUG org.example.commands.CommandFactory - Extracting the words.
11:47:02.187 [main] DEBUG org.example.commands.CommandFactory - The words are:
11:47:02.187 [main] DEBUG org.example.commands.CommandFactory - 'PRINT'
11:47:02.187 [main] INFO  org.example.Context - Peeking the first element of stack.
11:47:02.187 [main] DEBUG org.example.commands.Print - Print finished successfully.
